<?xml version="1.0" encoding="UTF-8"?>
<testsuite xmlns:xsi="http://www.w3.org/2001/XMLSchema-instance" xsi:noNamespaceSchemaLocation="https://maven.apache.org/surefire/maven-surefire-plugin/xsd/surefire-test-report-3.0.xsd" version="3.0" name="com.santiago.ecom.EcomApplicationTests" time="23.215" tests="1" errors="0" skipped="0" failures="0">
  <properties>
    <property name="java.specification.version" value="17"/>
    <property name="sun.cpu.isalist" value="amd64"/>
    <property name="sun.jnu.encoding" value="Cp1252"/>
    <property name="java.class.path" value="D:\Usuarios\analista.desarrollo1\Desktop\myPersonalProjects\back-end\SpringBoot\e-commerce\target\test-classes;D:\Usuarios\analista.desarrollo1\Desktop\myPersonalProjects\back-end\SpringBoot\e-commerce\target\classes;D:\Usuarios\analista.desarrollo1\.m2\repository\org\springframework\boot\spring-boot-starter-data-jpa\3.1.9\spring-boot-starter-data-jpa-3.1.9.jar;D:\Usuarios\analista.desarrollo1\.m2\repository\org\springframework\boot\spring-boot-starter-aop\3.1.9\spring-boot-starter-aop-3.1.9.jar;D:\Usuarios\analista.desarrollo1\.m2\repository\org\aspectj\aspectjweaver\1.9.21\aspectjweaver-1.9.21.jar;D:\Usuarios\analista.desarrollo1\.m2\repository\org\springframework\boot\spring-boot-starter-jdbc\3.1.9\spring-boot-starter-jdbc-3.1.9.jar;D:\Usuarios\analista.desarrollo1\.m2\repository\com\zaxxer\HikariCP\5.0.1\HikariCP-5.0.1.jar;D:\Usuarios\analista.desarrollo1\.m2\repository\org\springframework\spring-jdbc\6.0.17\spring-jdbc-6.0.17.jar;D:\Usuarios\analista.desarrollo1\.m2\repository\org\hibernate\orm\hibernate-core\6.2.22.Final\hibernate-core-6.2.22.Final.jar;D:\Usuarios\analista.desarrollo1\.m2\repository\jakarta\persistence\jakarta.persistence-api\3.1.0\jakarta.persistence-api-3.1.0.jar;D:\Usuarios\analista.desarrollo1\.m2\repository\jakarta\transaction\jakarta.transaction-api\2.0.1\jakarta.transaction-api-2.0.1.jar;D:\Usuarios\analista.desarrollo1\.m2\repository\org\jboss\logging\jboss-logging\3.5.3.Final\jboss-logging-3.5.3.Final.jar;D:\Usuarios\analista.desarrollo1\.m2\repository\org\hibernate\common\hibernate-commons-annotations\6.0.6.Final\hibernate-commons-annotations-6.0.6.Final.jar;D:\Usuarios\analista.desarrollo1\.m2\repository\io\smallrye\jandex\3.0.5\jandex-3.0.5.jar;D:\Usuarios\analista.desarrollo1\.m2\repository\com\fasterxml\classmate\1.5.1\classmate-1.5.1.jar;D:\Usuarios\analista.desarrollo1\.m2\repository\net\bytebuddy\byte-buddy\1.14.12\byte-buddy-1.14.12.jar;D:\Usuarios\analista.desarrollo1\.m2\repository\org\glassfish\jaxb\jaxb-runtime\4.0.4\jaxb-runtime-4.0.4.jar;D:\Usuarios\analista.desarrollo1\.m2\repository\org\glassfish\jaxb\jaxb-core\4.0.4\jaxb-core-4.0.4.jar;D:\Usuarios\analista.desarrollo1\.m2\repository\org\eclipse\angus\angus-activation\2.0.1\angus-activation-2.0.1.jar;D:\Usuarios\analista.desarrollo1\.m2\repository\org\glassfish\jaxb\txw2\4.0.4\txw2-4.0.4.jar;D:\Usuarios\analista.desarrollo1\.m2\repository\com\sun\istack\istack-commons-runtime\4.1.2\istack-commons-runtime-4.1.2.jar;D:\Usuarios\analista.desarrollo1\.m2\repository\jakarta\inject\jakarta.inject-api\2.0.1\jakarta.inject-api-2.0.1.jar;D:\Usuarios\analista.desarrollo1\.m2\repository\org\antlr\antlr4-runtime\4.10.1\antlr4-runtime-4.10.1.jar;D:\Usuarios\analista.desarrollo1\.m2\repository\org\springframework\data\spring-data-jpa\3.1.9\spring-data-jpa-3.1.9.jar;D:\Usuarios\analista.desarrollo1\.m2\repository\org\springframework\data\spring-data-commons\3.1.9\spring-data-commons-3.1.9.jar;D:\Usuarios\analista.desarrollo1\.m2\repository\org\springframework\spring-orm\6.0.17\spring-orm-6.0.17.jar;D:\Usuarios\analista.desarrollo1\.m2\repository\org\springframework\spring-context\6.0.17\spring-context-6.0.17.jar;D:\Usuarios\analista.desarrollo1\.m2\repository\org\springframework\spring-tx\6.0.17\spring-tx-6.0.17.jar;D:\Usuarios\analista.desarrollo1\.m2\repository\org\springframework\spring-beans\6.0.17\spring-beans-6.0.17.jar;D:\Usuarios\analista.desarrollo1\.m2\repository\jakarta\annotation\jakarta.annotation-api\2.1.1\jakarta.annotation-api-2.1.1.jar;D:\Usuarios\analista.desarrollo1\.m2\repository\org\slf4j\slf4j-api\2.0.12\slf4j-api-2.0.12.jar;D:\Usuarios\analista.desarrollo1\.m2\repository\org\springframework\spring-aspects\6.0.17\spring-aspects-6.0.17.jar;D:\Usuarios\analista.desarrollo1\.m2\repository\org\springframework\boot\spring-boot-starter-security\3.1.9\spring-boot-starter-security-3.1.9.jar;D:\Usuarios\analista.desarrollo1\.m2\repository\org\springframework\boot\spring-boot-starter\3.1.9\spring-boot-starter-3.1.9.jar;D:\Usuarios\analista.desarrollo1\.m2\repository\org\springframework\boot\spring-boot\3.1.9\spring-boot-3.1.9.jar;D:\Usuarios\analista.desarrollo1\.m2\repository\org\springframework\boot\spring-boot-autoconfigure\3.1.9\spring-boot-autoconfigure-3.1.9.jar;D:\Usuarios\analista.desarrollo1\.m2\repository\org\springframework\boot\spring-boot-starter-logging\3.1.9\spring-boot-starter-logging-3.1.9.jar;D:\Usuarios\analista.desarrollo1\.m2\repository\ch\qos\logback\logback-classic\1.4.14\logback-classic-1.4.14.jar;D:\Usuarios\analista.desarrollo1\.m2\repository\ch\qos\logback\logback-core\1.4.14\logback-core-1.4.14.jar;D:\Usuarios\analista.desarrollo1\.m2\repository\org\apache\logging\log4j\log4j-to-slf4j\2.20.0\log4j-to-slf4j-2.20.0.jar;D:\Usuarios\analista.desarrollo1\.m2\repository\org\apache\logging\log4j\log4j-api\2.20.0\log4j-api-2.20.0.jar;D:\Usuarios\analista.desarrollo1\.m2\repository\org\slf4j\jul-to-slf4j\2.0.12\jul-to-slf4j-2.0.12.jar;D:\Usuarios\analista.desarrollo1\.m2\repository\org\yaml\snakeyaml\1.33\snakeyaml-1.33.jar;D:\Usuarios\analista.desarrollo1\.m2\repository\org\springframework\spring-aop\6.0.17\spring-aop-6.0.17.jar;D:\Usuarios\analista.desarrollo1\.m2\repository\org\springframework\security\spring-security-config\6.0.0\spring-security-config-6.0.0.jar;D:\Usuarios\analista.desarrollo1\.m2\repository\org\springframework\security\spring-security-web\6.0.0\spring-security-web-6.0.0.jar;D:\Usuarios\analista.desarrollo1\.m2\repository\org\springframework\spring-expression\6.0.17\spring-expression-6.0.17.jar;D:\Usuarios\analista.desarrollo1\.m2\repository\org\springframework\boot\spring-boot-starter-web\3.1.9\spring-boot-starter-web-3.1.9.jar;D:\Usuarios\analista.desarrollo1\.m2\repository\org\springframework\boot\spring-boot-starter-json\3.1.9\spring-boot-starter-json-3.1.9.jar;D:\Usuarios\analista.desarrollo1\.m2\repository\com\fasterxml\jackson\datatype\jackson-datatype-jdk8\2.15.4\jackson-datatype-jdk8-2.15.4.jar;D:\Usuarios\analista.desarrollo1\.m2\repository\com\fasterxml\jackson\datatype\jackson-datatype-jsr310\2.15.4\jackson-datatype-jsr310-2.15.4.jar;D:\Usuarios\analista.desarrollo1\.m2\repository\com\fasterxml\jackson\module\jackson-module-parameter-names\2.15.4\jackson-module-parameter-names-2.15.4.jar;D:\Usuarios\analista.desarrollo1\.m2\repository\org\springframework\boot\spring-boot-starter-tomcat\3.1.9\spring-boot-starter-tomcat-3.1.9.jar;D:\Usuarios\analista.desarrollo1\.m2\repository\org\apache\tomcat\embed\tomcat-embed-core\10.1.19\tomcat-embed-core-10.1.19.jar;D:\Usuarios\analista.desarrollo1\.m2\repository\org\apache\tomcat\embed\tomcat-embed-el\10.1.19\tomcat-embed-el-10.1.19.jar;D:\Usuarios\analista.desarrollo1\.m2\repository\org\apache\tomcat\embed\tomcat-embed-websocket\10.1.19\tomcat-embed-websocket-10.1.19.jar;D:\Usuarios\analista.desarrollo1\.m2\repository\org\springframework\spring-web\6.0.17\spring-web-6.0.17.jar;D:\Usuarios\analista.desarrollo1\.m2\repository\io\micrometer\micrometer-observation\1.11.9\micrometer-observation-1.11.9.jar;D:\Usuarios\analista.desarrollo1\.m2\repository\io\micrometer\micrometer-commons\1.11.9\micrometer-commons-1.11.9.jar;D:\Usuarios\analista.desarrollo1\.m2\repository\org\springframework\spring-webmvc\6.0.17\spring-webmvc-6.0.17.jar;D:\Usuarios\analista.desarrollo1\.m2\repository\com\mysql\mysql-connector-j\8.0.33\mysql-connector-j-8.0.33.jar;D:\Usuarios\analista.desarrollo1\.m2\repository\org\projectlombok\lombok\1.18.30\lombok-1.18.30.jar;D:\Usuarios\analista.desarrollo1\.m2\repository\org\springframework\boot\spring-boot-starter-test\3.1.9\spring-boot-starter-test-3.1.9.jar;D:\Usuarios\analista.desarrollo1\.m2\repository\org\springframework\boot\spring-boot-test\3.1.9\spring-boot-test-3.1.9.jar;D:\Usuarios\analista.desarrollo1\.m2\repository\org\springframework\boot\spring-boot-test-autoconfigure\3.1.9\spring-boot-test-autoconfigure-3.1.9.jar;D:\Usuarios\analista.desarrollo1\.m2\repository\com\jayway\jsonpath\json-path\2.9.0\json-path-2.9.0.jar;D:\Usuarios\analista.desarrollo1\.m2\repository\jakarta\xml\bind\jakarta.xml.bind-api\4.0.1\jakarta.xml.bind-api-4.0.1.jar;D:\Usuarios\analista.desarrollo1\.m2\repository\jakarta\activation\jakarta.activation-api\2.1.2\jakarta.activation-api-2.1.2.jar;D:\Usuarios\analista.desarrollo1\.m2\repository\net\minidev\json-smart\2.4.11\json-smart-2.4.11.jar;D:\Usuarios\analista.desarrollo1\.m2\repository\net\minidev\accessors-smart\2.4.11\accessors-smart-2.4.11.jar;D:\Usuarios\analista.desarrollo1\.m2\repository\org\ow2\asm\asm\9.3\asm-9.3.jar;D:\Usuarios\analista.desarrollo1\.m2\repository\org\assertj\assertj-core\3.24.2\assertj-core-3.24.2.jar;D:\Usuarios\analista.desarrollo1\.m2\repository\org\hamcrest\hamcrest\2.2\hamcrest-2.2.jar;D:\Usuarios\analista.desarrollo1\.m2\repository\org\junit\jupiter\junit-jupiter\5.9.3\junit-jupiter-5.9.3.jar;D:\Usuarios\analista.desarrollo1\.m2\repository\org\junit\jupiter\junit-jupiter-api\5.9.3\junit-jupiter-api-5.9.3.jar;D:\Usuarios\analista.desarrollo1\.m2\repository\org\opentest4j\opentest4j\1.2.0\opentest4j-1.2.0.jar;D:\Usuarios\analista.desarrollo1\.m2\repository\org\junit\platform\junit-platform-commons\1.9.3\junit-platform-commons-1.9.3.jar;D:\Usuarios\analista.desarrollo1\.m2\repository\org\apiguardian\apiguardian-api\1.1.2\apiguardian-api-1.1.2.jar;D:\Usuarios\analista.desarrollo1\.m2\repository\org\junit\jupiter\junit-jupiter-params\5.9.3\junit-jupiter-params-5.9.3.jar;D:\Usuarios\analista.desarrollo1\.m2\repository\org\junit\jupiter\junit-jupiter-engine\5.9.3\junit-jupiter-engine-5.9.3.jar;D:\Usuarios\analista.desarrollo1\.m2\repository\org\junit\platform\junit-platform-engine\1.9.3\junit-platform-engine-1.9.3.jar;D:\Usuarios\analista.desarrollo1\.m2\repository\org\mockito\mockito-core\5.3.1\mockito-core-5.3.1.jar;D:\Usuarios\analista.desarrollo1\.m2\repository\net\bytebuddy\byte-buddy-agent\1.14.12\byte-buddy-agent-1.14.12.jar;D:\Usuarios\analista.desarrollo1\.m2\repository\org\objenesis\objenesis\3.3\objenesis-3.3.jar;D:\Usuarios\analista.desarrollo1\.m2\repository\org\mockito\mockito-junit-jupiter\5.3.1\mockito-junit-jupiter-5.3.1.jar;D:\Usuarios\analista.desarrollo1\.m2\repository\org\skyscreamer\jsonassert\1.5.1\jsonassert-1.5.1.jar;D:\Usuarios\analista.desarrollo1\.m2\repository\org\springframework\spring-core\6.0.17\spring-core-6.0.17.jar;D:\Usuarios\analista.desarrollo1\.m2\repository\org\springframework\spring-jcl\6.0.17\spring-jcl-6.0.17.jar;D:\Usuarios\analista.desarrollo1\.m2\repository\org\springframework\spring-test\6.0.17\spring-test-6.0.17.jar;D:\Usuarios\analista.desarrollo1\.m2\repository\org\xmlunit\xmlunit-core\2.9.1\xmlunit-core-2.9.1.jar;D:\Usuarios\analista.desarrollo1\.m2\repository\org\springframework\security\spring-security-test\6.0.0\spring-security-test-6.0.0.jar;D:\Usuarios\analista.desarrollo1\.m2\repository\org\springframework\security\spring-security-core\6.0.0\spring-security-core-6.0.0.jar;D:\Usuarios\analista.desarrollo1\.m2\repository\org\springframework\security\spring-security-crypto\6.0.0\spring-security-crypto-6.0.0.jar;D:\Usuarios\analista.desarrollo1\.m2\repository\io\jsonwebtoken\jjwt-api\0.11.5\jjwt-api-0.11.5.jar;D:\Usuarios\analista.desarrollo1\.m2\repository\io\jsonwebtoken\jjwt-impl\0.11.5\jjwt-impl-0.11.5.jar;D:\Usuarios\analista.desarrollo1\.m2\repository\io\jsonwebtoken\jjwt-jackson\0.11.5\jjwt-jackson-0.11.5.jar;D:\Usuarios\analista.desarrollo1\.m2\repository\com\fasterxml\jackson\core\jackson-databind\2.15.4\jackson-databind-2.15.4.jar;D:\Usuarios\analista.desarrollo1\.m2\repository\com\fasterxml\jackson\core\jackson-annotations\2.15.4\jackson-annotations-2.15.4.jar;D:\Usuarios\analista.desarrollo1\.m2\repository\com\fasterxml\jackson\core\jackson-core\2.15.4\jackson-core-2.15.4.jar;D:\Usuarios\analista.desarrollo1\.m2\repository\com\vaadin\external\google\android-json\0.0.20131108.vaadin1\android-json-0.0.20131108.vaadin1.jar;"/>
    <property name="java.vm.vendor" value="Amazon.com Inc."/>
    <property name="sun.arch.data.model" value="64"/>
    <property name="user.variant" value=""/>
    <property name="java.vendor.url" value="https://aws.amazon.com/corretto/"/>
    <property name="user.timezone" value="America/Bogota"/>
    <property name="org.jboss.logging.provider" value="slf4j"/>
    <property name="os.name" value="Windows 10"/>
    <property name="java.vm.specification.version" value="17"/>
    <property name="sun.java.launcher" value="SUN_STANDARD"/>
    <property name="user.country" value="CO"/>
    <property name="sun.boot.library.path" value="C:\Program Files\Amazon Corretto\jdk17.0.9_8\bin"/>
    <property name="sun.java.command" value="D:\Usuarios\analista.desarrollo1\AppData\Local\Temp\surefire17273173738047791323\surefirebooter-20240228113838983_3.jar D:\Usuarios\analista.desarrollo1\AppData\Local\Temp\surefire17273173738047791323 2024-02-28T11-38-38_633-jvmRun1 surefire-20240228113838983_1tmp surefire_0-20240228113838983_2tmp"/>
    <property name="jdk.debug" value="release"/>
    <property name="surefire.test.class.path" value="D:\Usuarios\analista.desarrollo1\Desktop\myPersonalProjects\back-end\SpringBoot\e-commerce\target\test-classes;D:\Usuarios\analista.desarrollo1\Desktop\myPersonalProjects\back-end\SpringBoot\e-commerce\target\classes;D:\Usuarios\analista.desarrollo1\.m2\repository\org\springframework\boot\spring-boot-starter-data-jpa\3.1.9\spring-boot-starter-data-jpa-3.1.9.jar;D:\Usuarios\analista.desarrollo1\.m2\repository\org\springframework\boot\spring-boot-starter-aop\3.1.9\spring-boot-starter-aop-3.1.9.jar;D:\Usuarios\analista.desarrollo1\.m2\repository\org\aspectj\aspectjweaver\1.9.21\aspectjweaver-1.9.21.jar;D:\Usuarios\analista.desarrollo1\.m2\repository\org\springframework\boot\spring-boot-starter-jdbc\3.1.9\spring-boot-starter-jdbc-3.1.9.jar;D:\Usuarios\analista.desarrollo1\.m2\repository\com\zaxxer\HikariCP\5.0.1\HikariCP-5.0.1.jar;D:\Usuarios\analista.desarrollo1\.m2\repository\org\springframework\spring-jdbc\6.0.17\spring-jdbc-6.0.17.jar;D:\Usuarios\analista.desarrollo1\.m2\repository\org\hibernate\orm\hibernate-core\6.2.22.Final\hibernate-core-6.2.22.Final.jar;D:\Usuarios\analista.desarrollo1\.m2\repository\jakarta\persistence\jakarta.persistence-api\3.1.0\jakarta.persistence-api-3.1.0.jar;D:\Usuarios\analista.desarrollo1\.m2\repository\jakarta\transaction\jakarta.transaction-api\2.0.1\jakarta.transaction-api-2.0.1.jar;D:\Usuarios\analista.desarrollo1\.m2\repository\org\jboss\logging\jboss-logging\3.5.3.Final\jboss-logging-3.5.3.Final.jar;D:\Usuarios\analista.desarrollo1\.m2\repository\org\hibernate\common\hibernate-commons-annotations\6.0.6.Final\hibernate-commons-annotations-6.0.6.Final.jar;D:\Usuarios\analista.desarrollo1\.m2\repository\io\smallrye\jandex\3.0.5\jandex-3.0.5.jar;D:\Usuarios\analista.desarrollo1\.m2\repository\com\fasterxml\classmate\1.5.1\classmate-1.5.1.jar;D:\Usuarios\analista.desarrollo1\.m2\repository\net\bytebuddy\byte-buddy\1.14.12\byte-buddy-1.14.12.jar;D:\Usuarios\analista.desarrollo1\.m2\repository\org\glassfish\jaxb\jaxb-runtime\4.0.4\jaxb-runtime-4.0.4.jar;D:\Usuarios\analista.desarrollo1\.m2\repository\org\glassfish\jaxb\jaxb-core\4.0.4\jaxb-core-4.0.4.jar;D:\Usuarios\analista.desarrollo1\.m2\repository\org\eclipse\angus\angus-activation\2.0.1\angus-activation-2.0.1.jar;D:\Usuarios\analista.desarrollo1\.m2\repository\org\glassfish\jaxb\txw2\4.0.4\txw2-4.0.4.jar;D:\Usuarios\analista.desarrollo1\.m2\repository\com\sun\istack\istack-commons-runtime\4.1.2\istack-commons-runtime-4.1.2.jar;D:\Usuarios\analista.desarrollo1\.m2\repository\jakarta\inject\jakarta.inject-api\2.0.1\jakarta.inject-api-2.0.1.jar;D:\Usuarios\analista.desarrollo1\.m2\repository\org\antlr\antlr4-runtime\4.10.1\antlr4-runtime-4.10.1.jar;D:\Usuarios\analista.desarrollo1\.m2\repository\org\springframework\data\spring-data-jpa\3.1.9\spring-data-jpa-3.1.9.jar;D:\Usuarios\analista.desarrollo1\.m2\repository\org\springframework\data\spring-data-commons\3.1.9\spring-data-commons-3.1.9.jar;D:\Usuarios\analista.desarrollo1\.m2\repository\org\springframework\spring-orm\6.0.17\spring-orm-6.0.17.jar;D:\Usuarios\analista.desarrollo1\.m2\repository\org\springframework\spring-context\6.0.17\spring-context-6.0.17.jar;D:\Usuarios\analista.desarrollo1\.m2\repository\org\springframework\spring-tx\6.0.17\spring-tx-6.0.17.jar;D:\Usuarios\analista.desarrollo1\.m2\repository\org\springframework\spring-beans\6.0.17\spring-beans-6.0.17.jar;D:\Usuarios\analista.desarrollo1\.m2\repository\jakarta\annotation\jakarta.annotation-api\2.1.1\jakarta.annotation-api-2.1.1.jar;D:\Usuarios\analista.desarrollo1\.m2\repository\org\slf4j\slf4j-api\2.0.12\slf4j-api-2.0.12.jar;D:\Usuarios\analista.desarrollo1\.m2\repository\org\springframework\spring-aspects\6.0.17\spring-aspects-6.0.17.jar;D:\Usuarios\analista.desarrollo1\.m2\repository\org\springframework\boot\spring-boot-starter-security\3.1.9\spring-boot-starter-security-3.1.9.jar;D:\Usuarios\analista.desarrollo1\.m2\repository\org\springframework\boot\spring-boot-starter\3.1.9\spring-boot-starter-3.1.9.jar;D:\Usuarios\analista.desarrollo1\.m2\repository\org\springframework\boot\spring-boot\3.1.9\spring-boot-3.1.9.jar;D:\Usuarios\analista.desarrollo1\.m2\repository\org\springframework\boot\spring-boot-autoconfigure\3.1.9\spring-boot-autoconfigure-3.1.9.jar;D:\Usuarios\analista.desarrollo1\.m2\repository\org\springframework\boot\spring-boot-starter-logging\3.1.9\spring-boot-starter-logging-3.1.9.jar;D:\Usuarios\analista.desarrollo1\.m2\repository\ch\qos\logback\logback-classic\1.4.14\logback-classic-1.4.14.jar;D:\Usuarios\analista.desarrollo1\.m2\repository\ch\qos\logback\logback-core\1.4.14\logback-core-1.4.14.jar;D:\Usuarios\analista.desarrollo1\.m2\repository\org\apache\logging\log4j\log4j-to-slf4j\2.20.0\log4j-to-slf4j-2.20.0.jar;D:\Usuarios\analista.desarrollo1\.m2\repository\org\apache\logging\log4j\log4j-api\2.20.0\log4j-api-2.20.0.jar;D:\Usuarios\analista.desarrollo1\.m2\repository\org\slf4j\jul-to-slf4j\2.0.12\jul-to-slf4j-2.0.12.jar;D:\Usuarios\analista.desarrollo1\.m2\repository\org\yaml\snakeyaml\1.33\snakeyaml-1.33.jar;D:\Usuarios\analista.desarrollo1\.m2\repository\org\springframework\spring-aop\6.0.17\spring-aop-6.0.17.jar;D:\Usuarios\analista.desarrollo1\.m2\repository\org\springframework\security\spring-security-config\6.0.0\spring-security-config-6.0.0.jar;D:\Usuarios\analista.desarrollo1\.m2\repository\org\springframework\security\spring-security-web\6.0.0\spring-security-web-6.0.0.jar;D:\Usuarios\analista.desarrollo1\.m2\repository\org\springframework\spring-expression\6.0.17\spring-expression-6.0.17.jar;D:\Usuarios\analista.desarrollo1\.m2\repository\org\springframework\boot\spring-boot-starter-web\3.1.9\spring-boot-starter-web-3.1.9.jar;D:\Usuarios\analista.desarrollo1\.m2\repository\org\springframework\boot\spring-boot-starter-json\3.1.9\spring-boot-starter-json-3.1.9.jar;D:\Usuarios\analista.desarrollo1\.m2\repository\com\fasterxml\jackson\datatype\jackson-datatype-jdk8\2.15.4\jackson-datatype-jdk8-2.15.4.jar;D:\Usuarios\analista.desarrollo1\.m2\repository\com\fasterxml\jackson\datatype\jackson-datatype-jsr310\2.15.4\jackson-datatype-jsr310-2.15.4.jar;D:\Usuarios\analista.desarrollo1\.m2\repository\com\fasterxml\jackson\module\jackson-module-parameter-names\2.15.4\jackson-module-parameter-names-2.15.4.jar;D:\Usuarios\analista.desarrollo1\.m2\repository\org\springframework\boot\spring-boot-starter-tomcat\3.1.9\spring-boot-starter-tomcat-3.1.9.jar;D:\Usuarios\analista.desarrollo1\.m2\repository\org\apache\tomcat\embed\tomcat-embed-core\10.1.19\tomcat-embed-core-10.1.19.jar;D:\Usuarios\analista.desarrollo1\.m2\repository\org\apache\tomcat\embed\tomcat-embed-el\10.1.19\tomcat-embed-el-10.1.19.jar;D:\Usuarios\analista.desarrollo1\.m2\repository\org\apache\tomcat\embed\tomcat-embed-websocket\10.1.19\tomcat-embed-websocket-10.1.19.jar;D:\Usuarios\analista.desarrollo1\.m2\repository\org\springframework\spring-web\6.0.17\spring-web-6.0.17.jar;D:\Usuarios\analista.desarrollo1\.m2\repository\io\micrometer\micrometer-observation\1.11.9\micrometer-observation-1.11.9.jar;D:\Usuarios\analista.desarrollo1\.m2\repository\io\micrometer\micrometer-commons\1.11.9\micrometer-commons-1.11.9.jar;D:\Usuarios\analista.desarrollo1\.m2\repository\org\springframework\spring-webmvc\6.0.17\spring-webmvc-6.0.17.jar;D:\Usuarios\analista.desarrollo1\.m2\repository\com\mysql\mysql-connector-j\8.0.33\mysql-connector-j-8.0.33.jar;D:\Usuarios\analista.desarrollo1\.m2\repository\org\projectlombok\lombok\1.18.30\lombok-1.18.30.jar;D:\Usuarios\analista.desarrollo1\.m2\repository\org\springframework\boot\spring-boot-starter-test\3.1.9\spring-boot-starter-test-3.1.9.jar;D:\Usuarios\analista.desarrollo1\.m2\repository\org\springframework\boot\spring-boot-test\3.1.9\spring-boot-test-3.1.9.jar;D:\Usuarios\analista.desarrollo1\.m2\repository\org\springframework\boot\spring-boot-test-autoconfigure\3.1.9\spring-boot-test-autoconfigure-3.1.9.jar;D:\Usuarios\analista.desarrollo1\.m2\repository\com\jayway\jsonpath\json-path\2.9.0\json-path-2.9.0.jar;D:\Usuarios\analista.desarrollo1\.m2\repository\jakarta\xml\bind\jakarta.xml.bind-api\4.0.1\jakarta.xml.bind-api-4.0.1.jar;D:\Usuarios\analista.desarrollo1\.m2\repository\jakarta\activation\jakarta.activation-api\2.1.2\jakarta.activation-api-2.1.2.jar;D:\Usuarios\analista.desarrollo1\.m2\repository\net\minidev\json-smart\2.4.11\json-smart-2.4.11.jar;D:\Usuarios\analista.desarrollo1\.m2\repository\net\minidev\accessors-smart\2.4.11\accessors-smart-2.4.11.jar;D:\Usuarios\analista.desarrollo1\.m2\repository\org\ow2\asm\asm\9.3\asm-9.3.jar;D:\Usuarios\analista.desarrollo1\.m2\repository\org\assertj\assertj-core\3.24.2\assertj-core-3.24.2.jar;D:\Usuarios\analista.desarrollo1\.m2\repository\org\hamcrest\hamcrest\2.2\hamcrest-2.2.jar;D:\Usuarios\analista.desarrollo1\.m2\repository\org\junit\jupiter\junit-jupiter\5.9.3\junit-jupiter-5.9.3.jar;D:\Usuarios\analista.desarrollo1\.m2\repository\org\junit\jupiter\junit-jupiter-api\5.9.3\junit-jupiter-api-5.9.3.jar;D:\Usuarios\analista.desarrollo1\.m2\repository\org\opentest4j\opentest4j\1.2.0\opentest4j-1.2.0.jar;D:\Usuarios\analista.desarrollo1\.m2\repository\org\junit\platform\junit-platform-commons\1.9.3\junit-platform-commons-1.9.3.jar;D:\Usuarios\analista.desarrollo1\.m2\repository\org\apiguardian\apiguardian-api\1.1.2\apiguardian-api-1.1.2.jar;D:\Usuarios\analista.desarrollo1\.m2\repository\org\junit\jupiter\junit-jupiter-params\5.9.3\junit-jupiter-params-5.9.3.jar;D:\Usuarios\analista.desarrollo1\.m2\repository\org\junit\jupiter\junit-jupiter-engine\5.9.3\junit-jupiter-engine-5.9.3.jar;D:\Usuarios\analista.desarrollo1\.m2\repository\org\junit\platform\junit-platform-engine\1.9.3\junit-platform-engine-1.9.3.jar;D:\Usuarios\analista.desarrollo1\.m2\repository\org\mockito\mockito-core\5.3.1\mockito-core-5.3.1.jar;D:\Usuarios\analista.desarrollo1\.m2\repository\net\bytebuddy\byte-buddy-agent\1.14.12\byte-buddy-agent-1.14.12.jar;D:\Usuarios\analista.desarrollo1\.m2\repository\org\objenesis\objenesis\3.3\objenesis-3.3.jar;D:\Usuarios\analista.desarrollo1\.m2\repository\org\mockito\mockito-junit-jupiter\5.3.1\mockito-junit-jupiter-5.3.1.jar;D:\Usuarios\analista.desarrollo1\.m2\repository\org\skyscreamer\jsonassert\1.5.1\jsonassert-1.5.1.jar;D:\Usuarios\analista.desarrollo1\.m2\repository\org\springframework\spring-core\6.0.17\spring-core-6.0.17.jar;D:\Usuarios\analista.desarrollo1\.m2\repository\org\springframework\spring-jcl\6.0.17\spring-jcl-6.0.17.jar;D:\Usuarios\analista.desarrollo1\.m2\repository\org\springframework\spring-test\6.0.17\spring-test-6.0.17.jar;D:\Usuarios\analista.desarrollo1\.m2\repository\org\xmlunit\xmlunit-core\2.9.1\xmlunit-core-2.9.1.jar;D:\Usuarios\analista.desarrollo1\.m2\repository\org\springframework\security\spring-security-test\6.0.0\spring-security-test-6.0.0.jar;D:\Usuarios\analista.desarrollo1\.m2\repository\org\springframework\security\spring-security-core\6.0.0\spring-security-core-6.0.0.jar;D:\Usuarios\analista.desarrollo1\.m2\repository\org\springframework\security\spring-security-crypto\6.0.0\spring-security-crypto-6.0.0.jar;D:\Usuarios\analista.desarrollo1\.m2\repository\io\jsonwebtoken\jjwt-api\0.11.5\jjwt-api-0.11.5.jar;D:\Usuarios\analista.desarrollo1\.m2\repository\io\jsonwebtoken\jjwt-impl\0.11.5\jjwt-impl-0.11.5.jar;D:\Usuarios\analista.desarrollo1\.m2\repository\io\jsonwebtoken\jjwt-jackson\0.11.5\jjwt-jackson-0.11.5.jar;D:\Usuarios\analista.desarrollo1\.m2\repository\com\fasterxml\jackson\core\jackson-databind\2.15.4\jackson-databind-2.15.4.jar;D:\Usuarios\analista.desarrollo1\.m2\repository\com\fasterxml\jackson\core\jackson-annotations\2.15.4\jackson-annotations-2.15.4.jar;D:\Usuarios\analista.desarrollo1\.m2\repository\com\fasterxml\jackson\core\jackson-core\2.15.4\jackson-core-2.15.4.jar;D:\Usuarios\analista.desarrollo1\.m2\repository\com\vaadin\external\google\android-json\0.0.20131108.vaadin1\android-json-0.0.20131108.vaadin1.jar;"/>
    <property name="sun.cpu.endian" value="little"/>
    <property name="user.home" value="D:\Usuarios\analista.desarrollo1"/>
    <property name="user.language" value="es"/>
    <property name="java.specification.vendor" value="Oracle Corporation"/>
    <property name="java.version.date" value="2023-10-17"/>
    <property name="java.home" value="C:\Program Files\Amazon Corretto\jdk17.0.9_8"/>
    <property name="file.separator" value="\"/>
    <property name="basedir" value="D:\Usuarios\analista.desarrollo1\Desktop\myPersonalProjects\back-end\SpringBoot\e-commerce"/>
    <property name="java.vm.compressedOopsMode" value="Zero based"/>
    <property name="line.separator" value="&#10;"/>
    <property name="java.vm.specification.vendor" value="Oracle Corporation"/>
    <property name="java.specification.name" value="Java Platform API Specification"/>
    <property name="FILE_LOG_CHARSET" value="windows-1252"/>
    <property name="java.awt.headless" value="true"/>
    <property name="surefire.real.class.path" value="D:\Usuarios\analista.desarrollo1\AppData\Local\Temp\surefire17273173738047791323\surefirebooter-20240228113838983_3.jar"/>
    <property name="user.script" value=""/>
    <property name="sun.management.compiler" value="HotSpot 64-Bit Tiered Compilers"/>
    <property name="java.runtime.version" value="17.0.9+8-LTS"/>
    <property name="user.name" value="analista.desarrollo1"/>
    <property name="path.separator" value=";"/>
    <property name="os.version" value="10.0"/>
    <property name="java.runtime.name" value="OpenJDK Runtime Environment"/>
    <property name="file.encoding" value="Cp1252"/>
    <property name="java.vm.name" value="OpenJDK 64-Bit Server VM"/>
    <property name="java.vendor.version" value="Corretto-17.0.9.8.1"/>
    <property name="localRepository" value="D:\Usuarios\analista.desarrollo1\.m2\repository"/>
    <property name="java.vendor.url.bug" value="https://github.com/corretto/corretto-17/issues/"/>
    <property name="java.io.tmpdir" value="D:\Usuarios\analista.desarrollo1\AppData\Local\Temp\"/>
    <property name="com.zaxxer.hikari.pool_number" value="1"/>
    <property name="java.version" value="17.0.9"/>
    <property name="user.dir" value="D:\Usuarios\analista.desarrollo1\Desktop\myPersonalProjects\back-end\SpringBoot\e-commerce"/>
    <property name="os.arch" value="amd64"/>
    <property name="java.vm.specification.name" value="Java Virtual Machine Specification"/>
    <property name="PID" value="14808"/>
    <property name="sun.os.patch.level" value=""/>
    <property name="CONSOLE_LOG_CHARSET" value="windows-1252"/>
    <property name="native.encoding" value="Cp1252"/>
    <property name="java.library.path" value="C:\Program Files\Amazon Corretto\jdk17.0.9_8\bin;C:\Windows\Sun\Java\bin;C:\Windows\system32;C:\Windows;Usuarios\analista.desarrollo1\AppData\Local\Programs\Python\Python312;D:\Usuarios\analista.desarrollo1\AppData\Local\Programs\Python\Python312\Scripts;C:\Program Files\Amazon Corretto\jdk17.0.9_8\bin;C:\Windows\system32;C:\Windows;C:\Windows\System32\Wbem;C:\Windows\System32\WindowsPowerShell\v1.0\;C:\Windows\System32\OpenSSH\;C:\ProgramData\chocolatey\bin;C:\Program Files (x86)\Microsoft SQL Server\150\DTS\Binn\;C:\Program Files\Azure Data Studio\bin;C:\Program Files\Common Files\Oracle\Java\javapath;C:\Program Files (x86)\Common Files\Oracle\Java\javapath;C:\Program Files\nodejs;C:\Program Files\Git\cmd;C:\apache-maven-3.6.3\bin;C:\Program Files\Amazon Corretto\jdk17.0.9_8\bin;C:\Program Files\MySQL\MySQL Server 8.0\bin;D:\Usuarios\aprendiz.desarrollo1\AppData\Roaming\nvm;C:\Program Files\Docker\Docker\resources\bin;Usuarios\analista.desarrollo1\AppData\Local\Programs\Python\Python312\Scripts;C:\Program Files\nodejs\;D:\Usuarios\analista.desarrollo1\AppData\Roaming\npm;D:\Usuarios\analista.desarrollo1\AppData\Roaming\npm\node_modules\@angular\cli\bin;C:\Program Files\MongoDB\Server\6.0\bin;Usuarios\analista.desarrollo1\AppData\Local\Programs\Python\Python312;Usuarios\analista.desarrollo1\AppData\Local\Programs\Python\Python312\Scripts;D:\Usuarios\analista.desarrollo1\AppData\Local\Microsoft\WindowsApps;Usuarios\analista.desarrollo1\AppData\Local\Programs\Microsoft VS Code\bin;Usuarios\analista.desarrollo1\AppData\Roaming\npm;C:\Program Files\JetBrains\IntelliJ IDEA Community Edition 2023.2.5\bin;;D:\Usuarios\aprendiz.desarrollo1\AppData\Roaming\nvm;C:\Program Files\nodejs;Usuarios\analista.desarrollo1\AppData\Local\Programs\Microsoft VS Code\bin;Usuarios\analista.desarrollo1\AppData\Roaming\npm;D:\Usuarios\analista.desarrollo1\AppData\Local\Programs\Microsoft VS Code\bin;D:\Usuarios\analista.desarrollo1\.fly\bin;."/>
    <property name="java.vm.info" value="mixed mode, sharing"/>
    <property name="java.vendor" value="Amazon.com Inc."/>
    <property name="java.vm.version" value="17.0.9+8-LTS"/>
    <property name="sun.io.unicode.encoding" value="UnicodeLittle"/>
    <property name="java.class.version" value="61.0"/>
  </properties>
  <testcase name="contextLoads" classname="com.santiago.ecom.EcomApplicationTests" time="0.659">
    <system-out><![CDATA[11:38:40.146 [main] INFO org.springframework.test.context.support.AnnotationConfigContextLoaderUtils -- Could not detect default configuration classes for test class [com.santiago.ecom.EcomApplicationTests]: EcomApplicationTests does not declare any static, non-private, non-final, nested classes annotated with @Configuration.
11:38:40.345 [main] INFO org.springframework.boot.test.context.SpringBootTestContextBootstrapper -- Found @SpringBootConfiguration com.santiago.ecom.EcomApplication for test class com.santiago.ecom.EcomApplicationTests

  .   ____          _            __ _ _
 /\\ / ___'_ __ _ _(_)_ __  __ _ \ \ \ \
( ( )\___ | '_ | '_| | '_ \/ _` | \ \ \ \
 \\/  ___)| |_)| | | | | || (_| |  ) ) ) )
  '  |____| .__|_| |_|_| |_\__, | / / / /
 =========|_|==============|___/=/_/_/_/
 :: Spring Boot ::                (v3.1.9)

2024-02-28T11:38:40.938-05:00  INFO 14808 --- [           main] com.santiago.ecom.EcomApplicationTests   : Starting EcomApplicationTests using Java 17.0.9 with PID 14808 (started by analista.desarrollo1 in D:\Usuarios\analista.desarrollo1\Desktop\myPersonalProjects\back-end\SpringBoot\e-commerce)
2024-02-28T11:38:40.941-05:00  INFO 14808 --- [           main] com.santiago.ecom.EcomApplicationTests   : No active profile set, falling back to 1 default profile: "default"
2024-02-28T11:38:41.939-05:00  INFO 14808 --- [           main] .s.d.r.c.RepositoryConfigurationDelegate : Bootstrapping Spring Data JPA repositories in DEFAULT mode.
2024-02-28T11:38:42.080-05:00  INFO 14808 --- [           main] .s.d.r.c.RepositoryConfigurationDelegate : Finished Spring Data repository scanning in 129 ms. Found 9 JPA repository interfaces.
2024-02-28T11:38:42.918-05:00  INFO 14808 --- [           main] o.hibernate.jpa.internal.util.LogHelper  : HHH000204: Processing PersistenceUnitInfo [name: default]
2024-02-28T11:38:43.051-05:00  INFO 14808 --- [           main] org.hibernate.Version                    : HHH000412: Hibernate ORM core version 6.2.22.Final
2024-02-28T11:38:43.057-05:00  INFO 14808 --- [           main] org.hibernate.cfg.Environment            : HHH000406: Using bytecode reflection optimizer
2024-02-28T11:38:43.669-05:00  INFO 14808 --- [           main] o.s.o.j.p.SpringPersistenceUnitInfo      : No LoadTimeWeaver setup: ignoring JPA class transformer
2024-02-28T11:38:43.741-05:00  INFO 14808 --- [           main] com.zaxxer.hikari.HikariDataSource       : HikariPool-1 - Starting...
2024-02-28T11:38:45.907-05:00  INFO 14808 --- [           main] com.zaxxer.hikari.pool.HikariPool        : HikariPool-1 - Added connection com.mysql.cj.jdbc.ConnectionImpl@3c60c681
2024-02-28T11:38:45.913-05:00  INFO 14808 --- [           main] com.zaxxer.hikari.HikariDataSource       : HikariPool-1 - Start completed.
2024-02-28T11:38:47.713-05:00  INFO 14808 --- [           main] o.h.e.t.j.p.i.JtaPlatformInitiator       : HHH000489: No JTA platform available (set 'hibernate.transaction.jta.platform' to enable JTA platform integration)
Hibernate: create table cart_items (id bigint not null auto_increment, price bigint, quantity bigint, order_id bigint, product_id bigint not null, user_id bigint not null, primary key (id)) engine=InnoDB
Hibernate: create table category (id bigint not null auto_increment, description tinytext, name varchar(255), primary key (id)) engine=InnoDB
Hibernate: create table coupons (id bigint not null auto_increment, code varchar(255), discount bigint, expiration_date datetime(6), name varchar(255), primary key (id)) engine=InnoDB
Hibernate: create table fqa (id bigint not null auto_increment, answer varchar(255), question varchar(255), product_id bigint not null, primary key (id)) engine=InnoDB
Hibernate: create table orders (id bigint not null auto_increment, address varchar(255), amount bigint, date datetime(6), discount bigint, order_description varchar(255), order_status tinyint, payment varchar(255), total_amount bigint, tracking_id binary(16), coupon_id bigint, user_id bigint, primary key (id)) engine=InnoDB
Hibernate: create table product (id bigint not null auto_increment, description tinytext, img longblob, name varchar(255), price bigint, category_id bigint not null, primary key (id)) engine=InnoDB
Hibernate: create table review (id bigint not null auto_increment, description tinytext, img longblob, rating bigint, product_id bigint not null, user_id bigint not null, primary key (id)) engine=InnoDB
Hibernate: create table users (id bigint not null auto_increment, email varchar(255), img longblob, name varchar(255), password varchar(255), role tinyint, primary key (id)) engine=InnoDB
Hibernate: create table wish_list (id bigint not null auto_increment, product_id bigint not null, user_id bigint not null, primary key (id)) engine=InnoDB
Hibernate: alter table cart_items drop index UK_shvxaq4vg05f3q75fnnel0klb
Hibernate: alter table cart_items add constraint UK_shvxaq4vg05f3q75fnnel0klb unique (order_id)
Hibernate: alter table orders drop index UK_hy4cwtbxgq00s7bldwc96ulx9
Hibernate: alter table orders add constraint UK_hy4cwtbxgq00s7bldwc96ulx9 unique (coupon_id)
Hibernate: alter table orders drop index UK_k8kupdtcdpqd57b6j4yq9uvdj
Hibernate: alter table orders add constraint UK_k8kupdtcdpqd57b6j4yq9uvdj unique (user_id)
Hibernate: alter table cart_items add constraint FKiuhn9mru62vgqy1h0t1ggc3s7 foreign key (order_id) references orders (id)
Hibernate: alter table cart_items add constraint FKl7je3auqyq1raj52qmwrgih8x foreign key (product_id) references product (id) on delete cascade
Hibernate: alter table cart_items add constraint FK709eickf3kc0dujx3ub9i7btf foreign key (user_id) references users (id) on delete cascade
Hibernate: alter table fqa add constraint FKf80btgx0fn2ka9s0lvuutqj64 foreign key (product_id) references product (id) on delete cascade
Hibernate: alter table orders add constraint FKn1d1gkxckw648m2n2d5gx0yx5 foreign key (coupon_id) references coupons (id)
Hibernate: alter table orders add constraint FK32ql8ubntj5uh44ph9659tiih foreign key (user_id) references users (id)
Hibernate: alter table product add constraint FK1mtsbur82frn64de7balymq9s foreign key (category_id) references category (id) on delete cascade
Hibernate: alter table review add constraint FKiyof1sindb9qiqr9o8npj8klt foreign key (product_id) references product (id) on delete cascade
Hibernate: alter table review add constraint FK6cpw2nlklblpvc7hyt7ko6v3e foreign key (user_id) references users (id) on delete cascade
Hibernate: alter table wish_list add constraint FKqn4e0ta2823kynefeg4jektp0 foreign key (product_id) references product (id) on delete cascade
Hibernate: alter table wish_list add constraint FKit8ap20bpapw291y78egje6f3 foreign key (user_id) references users (id) on delete cascade
2024-02-28T11:38:59.319-05:00  INFO 14808 --- [           main] j.LocalContainerEntityManagerFactoryBean : Initialized JPA EntityManagerFactory for persistence unit 'default'
Hibernate: select u1_0.id,u1_0.email,u1_0.img,u1_0.name,u1_0.password,u1_0.role from users u1_0 where u1_0.role=?
Hibernate: insert into users (email,img,name,password,role) values (?,?,?,?,?)
2024-02-28T11:39:01.636-05:00  WARN 14808 --- [           main] JpaBaseConfiguration$JpaWebConfiguration : spring.jpa.open-in-view is enabled by default. Therefore, database queries may be performed during view rendering. Explicitly configure spring.jpa.open-in-view to disable this warning
2024-02-28T11:39:02.066-05:00  INFO 14808 --- [           main] o.s.s.web.DefaultSecurityFilterChain     : Will secure any request with [org.springframework.security.web.session.DisableEncodeUrlFilter@69d9d322, org.springframework.security.web.context.request.async.WebAsyncManagerIntegrationFilter@4e23ddf0, org.springframework.security.web.context.SecurityContextHolderFilter@6d3194ff, org.springframework.security.web.header.HeaderWriterFilter@464017f5, org.springframework.security.web.authentication.logout.LogoutFilter@1db9d253, com.santiago.ecom.filters.JwtRequestFilter@5c2ae7d7, org.springframework.security.web.savedrequest.RequestCacheAwareFilter@123d666b, org.springframework.security.web.servletapi.SecurityContextHolderAwareRequestFilter@542c6165, org.springframework.security.web.authentication.AnonymousAuthenticationFilter@4e00723b, org.springframework.security.web.session.SessionManagementFilter@4c231f62, org.springframework.security.web.access.ExceptionTranslationFilter@44b82007, org.springframework.security.web.access.intercept.AuthorizationFilter@44ec6637]
2024-02-28T11:39:02.414-05:00  INFO 14808 --- [           main] com.santiago.ecom.EcomApplicationTests   : Started EcomApplicationTests in 21.819 seconds (process running for 23.141)
]]></system-out>
  </testcase>
</testsuite>